{"level":"error","message":"\"mobName\" length must be at least 3 characters long"}
{"level":"error","message":"mobs is not defined"}
{"level":"error","message":"mobs is not defined"}
{"level":"error","message":"mobs is not defined"}
{"level":"error","message":"mobs is not defined"}
{"level":"error","message":"mobs is not defined"}
{"level":"error","message":"This mob does not exist"}
{"level":"error","message":"this member does not exist"}
{"level":"error","message":"This mob does not exist & not members present"}
{"level":"error","message":"\"memberName\" length must be at least 3 characters long"}
{"level":"error","message":"Mob nor Member does not exist"}
{"level":"error","message":"Mob nor Member does not exist"}
{"level":"error","message":"Mob nor Member does not exist"}
{"level":"error","message":"Mob nor Member does not exist"}
{"level":"error","message":"Mob nor Member does not exist"}
{"level":"error","message":"Mob nor Member does not exist"}
{"level":"error","message":"Mob nor Member does not exist"}
undefined
undefined
undefined
